{"app":["cheeblr"],"at":"2026-03-22T01:43:11.185598499Z","data":{},"env":"production","host":"winsmuth","loc":null,"msg":"Cheeblr starting on port 8080 [TLS]","ns":["cheeblr","app"],"pid":"46196","sev":"Info","thread":"19"}
{"app":["cheeblr"],"at":"2026-03-22T01:43:11.185598499Z","data":{},"env":"production","host":"winsmuth","loc":null,"msg":"Auth mode: dev (Auth.Simple)","ns":["cheeblr","app"],"pid":"46196","sev":"Info","thread":"19"}
{"app":["cheeblr"],"at":"2026-03-22T01:43:11.185598499Z","data":{},"env":"production","host":"winsmuth","loc":null,"msg":"TLS enabled cert=/home/bismuth/.local/share/cheeblr/certs/cert.pem","ns":["cheeblr","app"],"pid":"46196","sev":"Info","thread":"19"}
{"app":["cheeblr"],"at":"2026-03-22T01:43:13.059227586Z","data":{},"env":"production","host":"winsmuth","loc":null,"msg":"GET /session userId=d3a1f4f0-c518-4db3-aa43-e80b428d6304","ns":["cheeblr","http"],"pid":"46196","sev":"Info","thread":"33"}
{"app":["cheeblr"],"at":"2026-03-22T01:43:13.059227586Z","data":{"action":"session.read","outcome":"success","userId":"d3a1f4f0-c518-4db3-aa43-e80b428d6304","userRole":"Admin"},"env":"production","host":"winsmuth","loc":null,"msg":"Session accessed userId=d3a1f4f0-c518-4db3-aa43-e80b428d6304 role=Admin","ns":["cheeblr","session"],"pid":"46196","sev":"Info","thread":"33"}
{"app":["cheeblr"],"at":"2026-03-22T01:43:13.059227586Z","data":{},"env":"production","host":"winsmuth","loc":null,"msg":"GET /register/a26c9c8a-440a-4069-9a4d-c3100c1c25e1 userId=system","ns":["cheeblr","http"],"pid":"46196","sev":"Info","thread":"34"}
{"app":["cheeblr"],"at":"2026-03-22T01:43:13.059227586Z","data":{},"env":"production","host":"winsmuth","loc":null,"msg":"POST /graphql/inventory userId=0a6f2deb-892b-4411-8025-08c1a4d61229","ns":["cheeblr","http"],"pid":"46196","sev":"Info","thread":"36"}
{"app":["cheeblr"],"at":"2026-03-22T01:43:17.92711136Z","data":{},"env":"production","host":"winsmuth","loc":null,"msg":"POST /graphql/inventory userId=0a6f2deb-892b-4411-8025-08c1a4d61229","ns":["cheeblr","http"],"pid":"46196","sev":"Info","thread":"41"}
{"app":["cheeblr"],"at":"2026-03-22T01:43:17.92711136Z","data":{},"env":"production","host":"winsmuth","loc":null,"msg":"GET /register/a26c9c8a-440a-4069-9a4d-c3100c1c25e1 userId=system","ns":["cheeblr","http"],"pid":"46196","sev":"Info","thread":"42"}
{"app":["cheeblr"],"at":"2026-03-22T01:43:17.93713867Z","data":{},"env":"production","host":"winsmuth","loc":null,"msg":"POST /transaction userId=8b3ae5bf-9c21-41c0-8554-1292f0827455","ns":["cheeblr","http"],"pid":"46196","sev":"Info","thread":"45"}
{"app":["cheeblr"],"at":"2026-03-22T01:43:17.940139166Z","data":{"action":"transaction.create","outcome":"success","resourceId":"fcbe3a51-1e19-42a4-b157-12018354446c","userId":"8b3ae5bf-9c21-41c0-8554-1292f0827455","userRole":"employee"},"env":"production","host":"winsmuth","loc":null,"msg":"Transaction created txId=fcbe3a51-1e19-42a4-b157-12018354446c empId=8b3ae5bf-9c21-41c0-8554-1292f0827455 success","ns":["cheeblr","transaction"],"pid":"46196","sev":"Info","thread":"45"}
{"app":["cheeblr"],"at":"2026-03-22T01:43:19.725910654Z","data":{},"env":"production","host":"winsmuth","loc":null,"msg":"POST /graphql/inventory userId=0a6f2deb-892b-4411-8025-08c1a4d61229","ns":["cheeblr","http"],"pid":"46196","sev":"Info","thread":"50"}
{"app":["cheeblr"],"at":"2026-03-22T01:43:19.725910654Z","data":{},"env":"production","host":"winsmuth","loc":null,"msg":"GET /session userId=d3a1f4f0-c518-4db3-aa43-e80b428d6304","ns":["cheeblr","http"],"pid":"46196","sev":"Info","thread":"51"}
{"app":["cheeblr"],"at":"2026-03-22T01:43:19.725910654Z","data":{"action":"session.read","outcome":"success","userId":"d3a1f4f0-c518-4db3-aa43-e80b428d6304","userRole":"Admin"},"env":"production","host":"winsmuth","loc":null,"msg":"Session accessed userId=d3a1f4f0-c518-4db3-aa43-e80b428d6304 role=Admin","ns":["cheeblr","session"],"pid":"46196","sev":"Info","thread":"51"}
{"app":["cheeblr"],"at":"2026-03-22T01:49:42.495152771Z","data":{},"env":"production","host":"winsmuth","loc":null,"msg":"Cheeblr starting on port 8080 [TLS]","ns":["cheeblr","app"],"pid":"49154","sev":"Info","thread":"19"}
{"app":["cheeblr"],"at":"2026-03-22T01:49:42.495152771Z","data":{},"env":"production","host":"winsmuth","loc":null,"msg":"Auth mode: dev (Auth.Simple)","ns":["cheeblr","app"],"pid":"49154","sev":"Info","thread":"19"}
{"app":["cheeblr"],"at":"2026-03-22T01:49:42.495152771Z","data":{},"env":"production","host":"winsmuth","loc":null,"msg":"TLS enabled cert=/home/bismuth/.local/share/cheeblr/certs/cert.pem","ns":["cheeblr","app"],"pid":"49154","sev":"Info","thread":"19"}
{"app":["cheeblr"],"at":"2026-03-22T01:49:44.343319404Z","data":{},"env":"production","host":"winsmuth","loc":null,"msg":"GET /register/a26c9c8a-440a-4069-9a4d-c3100c1c25e1 userId=system","ns":["cheeblr","http"],"pid":"49154","sev":"Info","thread":"32"}
{"app":["cheeblr"],"at":"2026-03-22T01:49:44.343319404Z","data":{},"env":"production","host":"winsmuth","loc":null,"msg":"POST /graphql/inventory userId=0a6f2deb-892b-4411-8025-08c1a4d61229","ns":["cheeblr","http"],"pid":"49154","sev":"Info","thread":"31"}
{"app":["cheeblr"],"at":"2026-03-22T01:49:44.343319404Z","data":{},"env":"production","host":"winsmuth","loc":null,"msg":"GET /session userId=d3a1f4f0-c518-4db3-aa43-e80b428d6304","ns":["cheeblr","http"],"pid":"49154","sev":"Info","thread":"33"}
{"app":["cheeblr"],"at":"2026-03-22T01:49:44.343319404Z","data":{"action":"session.read","outcome":"success","userId":"d3a1f4f0-c518-4db3-aa43-e80b428d6304","userRole":"Admin"},"env":"production","host":"winsmuth","loc":null,"msg":"Session accessed userId=d3a1f4f0-c518-4db3-aa43-e80b428d6304 role=Admin","ns":["cheeblr","session"],"pid":"49154","sev":"Info","thread":"33"}
{"app":["cheeblr"],"at":"2026-03-22T01:50:05.198837988Z","data":{},"env":"production","host":"winsmuth","loc":null,"msg":"POST /graphql/inventory userId=0a6f2deb-892b-4411-8025-08c1a4d61229","ns":["cheeblr","http"],"pid":"49154","sev":"Info","thread":"39"}
{"app":["cheeblr"],"at":"2026-03-22T01:50:05.213981091Z","data":{},"env":"production","host":"winsmuth","loc":null,"msg":"GET /session userId=d3a1f4f0-c518-4db3-aa43-e80b428d6304","ns":["cheeblr","http"],"pid":"49154","sev":"Info","thread":"42"}
{"app":["cheeblr"],"at":"2026-03-22T01:50:05.213981091Z","data":{"action":"session.read","outcome":"success","userId":"d3a1f4f0-c518-4db3-aa43-e80b428d6304","userRole":"Admin"},"env":"production","host":"winsmuth","loc":null,"msg":"Session accessed userId=d3a1f4f0-c518-4db3-aa43-e80b428d6304 role=Admin","ns":["cheeblr","session"],"pid":"49154","sev":"Info","thread":"42"}
{"app":["cheeblr"],"at":"2026-03-22T01:50:07.731729499Z","data":{},"env":"production","host":"winsmuth","loc":null,"msg":"GET /register/a26c9c8a-440a-4069-9a4d-c3100c1c25e1 userId=system","ns":["cheeblr","http"],"pid":"49154","sev":"Info","thread":"45"}
{"app":["cheeblr"],"at":"2026-03-22T01:50:07.731729499Z","data":{},"env":"production","host":"winsmuth","loc":null,"msg":"GET /session userId=d3a1f4f0-c518-4db3-aa43-e80b428d6304","ns":["cheeblr","http"],"pid":"49154","sev":"Info","thread":"47"}
{"app":["cheeblr"],"at":"2026-03-22T01:50:07.731729499Z","data":{"action":"session.read","outcome":"success","userId":"d3a1f4f0-c518-4db3-aa43-e80b428d6304","userRole":"Admin"},"env":"production","host":"winsmuth","loc":null,"msg":"Session accessed userId=d3a1f4f0-c518-4db3-aa43-e80b428d6304 role=Admin","ns":["cheeblr","session"],"pid":"49154","sev":"Info","thread":"47"}
{"app":["cheeblr"],"at":"2026-03-22T01:50:07.731729499Z","data":{},"env":"production","host":"winsmuth","loc":null,"msg":"POST /graphql/inventory userId=0a6f2deb-892b-4411-8025-08c1a4d61229","ns":["cheeblr","http"],"pid":"49154","sev":"Info","thread":"46"}
{"app":["cheeblr"],"at":"2026-03-22T01:50:07.737062566Z","data":{},"env":"production","host":"winsmuth","loc":null,"msg":"POST /graphql/inventory userId=0a6f2deb-892b-4411-8025-08c1a4d61229","ns":["cheeblr","http"],"pid":"49154","sev":"Info","thread":"50"}
{"app":["cheeblr"],"at":"2026-03-22T01:50:07.737062566Z","data":{},"env":"production","host":"winsmuth","loc":null,"msg":"GET /session userId=d3a1f4f0-c518-4db3-aa43-e80b428d6304","ns":["cheeblr","http"],"pid":"49154","sev":"Info","thread":"51"}
{"app":["cheeblr"],"at":"2026-03-22T01:50:07.737062566Z","data":{"action":"session.read","outcome":"success","userId":"d3a1f4f0-c518-4db3-aa43-e80b428d6304","userRole":"Admin"},"env":"production","host":"winsmuth","loc":null,"msg":"Session accessed userId=d3a1f4f0-c518-4db3-aa43-e80b428d6304 role=Admin","ns":["cheeblr","session"],"pid":"49154","sev":"Info","thread":"51"}
{"app":["cheeblr"],"at":"2026-03-22T01:50:16.936087122Z","data":{},"env":"production","host":"winsmuth","loc":null,"msg":"GET /inventory userId=d3a1f4f0-c518-4db3-aa43-e80b428d6304","ns":["cheeblr","http"],"pid":"49154","sev":"Info","thread":"58"}
{"app":["cheeblr"],"at":"2026-03-22T01:50:16.936087122Z","data":{"action":"inventory.read","outcome":"success","userId":"d3a1f4f0-c518-4db3-aa43-e80b428d6304","userRole":"Admin"},"env":"production","host":"winsmuth","loc":null,"msg":"Inventory read userId=d3a1f4f0-c518-4db3-aa43-e80b428d6304","ns":["cheeblr","inventory"],"pid":"49154","sev":"Info","thread":"58"}
{"app":["cheeblr"],"at":"2026-03-22T01:50:18.925718062Z","data":{},"env":"production","host":"winsmuth","loc":null,"msg":"POST /graphql/inventory userId=0a6f2deb-892b-4411-8025-08c1a4d61229","ns":["cheeblr","http"],"pid":"49154","sev":"Info","thread":"61"}
{"app":["cheeblr"],"at":"2026-03-22T01:50:18.925718062Z","data":{},"env":"production","host":"winsmuth","loc":null,"msg":"GET /session userId=d3a1f4f0-c518-4db3-aa43-e80b428d6304","ns":["cheeblr","http"],"pid":"49154","sev":"Info","thread":"62"}
{"app":["cheeblr"],"at":"2026-03-22T01:50:18.925718062Z","data":{"action":"session.read","outcome":"success","userId":"d3a1f4f0-c518-4db3-aa43-e80b428d6304","userRole":"Admin"},"env":"production","host":"winsmuth","loc":null,"msg":"Session accessed userId=d3a1f4f0-c518-4db3-aa43-e80b428d6304 role=Admin","ns":["cheeblr","session"],"pid":"49154","sev":"Info","thread":"62"}
{"app":["cheeblr"],"at":"2026-03-22T01:50:19.727812481Z","data":{},"env":"production","host":"winsmuth","loc":null,"msg":"GET /register/a26c9c8a-440a-4069-9a4d-c3100c1c25e1 userId=system","ns":["cheeblr","http"],"pid":"49154","sev":"Info","thread":"68"}
{"app":["cheeblr"],"at":"2026-03-22T01:50:19.727812481Z","data":{},"env":"production","host":"winsmuth","loc":null,"msg":"POST /graphql/inventory userId=0a6f2deb-892b-4411-8025-08c1a4d61229","ns":["cheeblr","http"],"pid":"49154","sev":"Info","thread":"67"}
{"app":["cheeblr"],"at":"2026-03-22T01:50:19.740177466Z","data":{},"env":"production","host":"winsmuth","loc":null,"msg":"POST /transaction userId=8b3ae5bf-9c21-41c0-8554-1292f0827455","ns":["cheeblr","http"],"pid":"49154","sev":"Info","thread":"72"}
{"app":["cheeblr"],"at":"2026-03-22T01:50:19.744311183Z","data":{"action":"transaction.create","outcome":"success","resourceId":"2629a42c-769c-4beb-b599-92a8ce6b33f6","userId":"8b3ae5bf-9c21-41c0-8554-1292f0827455","userRole":"employee"},"env":"production","host":"winsmuth","loc":null,"msg":"Transaction created txId=2629a42c-769c-4beb-b599-92a8ce6b33f6 empId=8b3ae5bf-9c21-41c0-8554-1292f0827455 success","ns":["cheeblr","transaction"],"pid":"49154","sev":"Info","thread":"72"}
{"app":["cheeblr"],"at":"2026-03-22T01:50:21.203197862Z","data":{},"env":"production","host":"winsmuth","loc":null,"msg":"POST /graphql/inventory userId=0a6f2deb-892b-4411-8025-08c1a4d61229","ns":["cheeblr","http"],"pid":"49154","sev":"Info","thread":"76"}
{"app":["cheeblr"],"at":"2026-03-22T01:50:21.203197862Z","data":{},"env":"production","host":"winsmuth","loc":null,"msg":"GET /session userId=d3a1f4f0-c518-4db3-aa43-e80b428d6304","ns":["cheeblr","http"],"pid":"49154","sev":"Info","thread":"77"}
{"app":["cheeblr"],"at":"2026-03-22T01:50:21.203197862Z","data":{"action":"session.read","outcome":"success","userId":"d3a1f4f0-c518-4db3-aa43-e80b428d6304","userRole":"Admin"},"env":"production","host":"winsmuth","loc":null,"msg":"Session accessed userId=d3a1f4f0-c518-4db3-aa43-e80b428d6304 role=Admin","ns":["cheeblr","session"],"pid":"49154","sev":"Info","thread":"77"}
